# JRE version: Java(TM) SE Runtime Environment (8.0_112-b15) (build 1.8.0_112-b15)
# Java VM: Java HotSpot(TM) 64-Bit Server VM (25.112-b15 mixed mode windows-amd64 compressed oops)
Heap:
 PSYoungGen      total 56320K, used 25348K [0x00000007bc400000, 0x00000007c0000000, 0x00000007c0000000)
  eden space 51200K, 43% used [0x00000007bc400000,0x00000007bd9d1e30,0x00000007bf600000)
  from space 5120K, 58% used [0x00000007bfb00000,0x00000007bfdef4b0,0x00000007c0000000)
  to   space 5120K, 0% used [0x00000007bf600000,0x00000007bf600000,0x00000007bfb00000)
 ParOldGen       total 256512K, used 119619K [0x0000000700000000, 0x000000070fa80000, 0x00000007bc400000)
  object space 256512K, 46% used [0x0000000700000000,0x00000007074d0c38,0x000000070fa80000)
 Metaspace       used 80566K, capacity 81375K, committed 82048K, reserved 1120256K
  class space    used 11678K, capacity 11856K, committed 11904K, reserved 1048576K
GC Heap History (10 events):
Event: 10772.628 GC heap before
{Heap before GC invocations=601 (full 31):
 PSYoungGen      total 55296K, used 51613K [0x00000007bc400000, 0x00000007c0000000, 0x00000007c0000000)
  eden space 49152K, 100% used [0x00000007bc400000,0x00000007bf400000,0x00000007bf400000)
  from space 6144K, 40% used [0x00000007bf400000,0x00000007bf6674b0,0x00000007bfa00000)
  to   space 5632K, 0% used [0x00000007bfa80000,0x00000007bfa80000,0x00000007c0000000)
 ParOldGen       total 256512K, used 119611K [0x0000000700000000, 0x000000070fa80000, 0x00000007bc400000)
  object space 256512K, 46% used [0x0000000700000000,0x00000007074cec38,0x000000070fa80000)
 Metaspace       used 80557K, capacity 81367K, committed 82048K, reserved 1120256K
  class space    used 11677K, capacity 11854K, committed 11904K, reserved 1048576K
Event: 10772.648 GC heap after
Heap after GC invocations=601 (full 31):
 PSYoungGen      total 55808K, used 2621K [0x00000007bc400000, 0x00000007c0000000, 0x00000007c0000000)
  eden space 50176K, 0% used [0x00000007bc400000,0x00000007bc400000,0x00000007bf500000)
  from space 5632K, 46% used [0x00000007bfa80000,0x00000007bfd0f4b0,0x00000007c0000000)
  to   space 5632K, 0% used [0x00000007bf500000,0x00000007bf500000,0x00000007bfa80000)
 ParOldGen       total 256512K, used 119611K [0x0000000700000000, 0x000000070fa80000, 0x00000007bc400000)
  object space 256512K, 46% used [0x0000000700000000,0x00000007074cec38,0x000000070fa80000)
 Metaspace       used 80557K, capacity 81367K, committed 82048K, reserved 1120256K
  class space    used 11677K, capacity 11854K, committed 11904K, reserved 1048576K
}
Event: 10790.176 GC heap before
{Heap before GC invocations=602 (full 31):
 PSYoungGen      total 55808K, used 52797K [0x00000007bc400000, 0x00000007c0000000, 0x00000007c0000000)
  eden space 50176K, 100% used [0x00000007bc400000,0x00000007bf500000,0x00000007bf500000)
  from space 5632K, 46% used [0x00000007bfa80000,0x00000007bfd0f4b0,0x00000007c0000000)
  to   space 5632K, 0% used [0x00000007bf500000,0x00000007bf500000,0x00000007bfa80000)
 ParOldGen       total 256512K, used 119611K [0x0000000700000000, 0x000000070fa80000, 0x00000007bc400000)
  object space 256512K, 46% used [0x0000000700000000,0x00000007074cec38,0x000000070fa80000)
 Metaspace       used 80557K, capacity 81367K, committed 82048K, reserved 1120256K
  class space    used 11677K, capacity 11854K, committed 11904K, reserved 1048576K
Event: 10790.199 GC heap after
Heap after GC invocations=602 (full 31):
 PSYoungGen      total 55808K, used 2365K [0x00000007bc400000, 0x00000007c0000000, 0x00000007c0000000)
  eden space 50176K, 0% used [0x00000007bc400000,0x00000007bc400000,0x00000007bf500000)
  from space 5632K, 41% used [0x00000007bf500000,0x00000007bf74f4b0,0x00000007bfa80000)
  to   space 5632K, 0% used [0x00000007bfa80000,0x00000007bfa80000,0x00000007c0000000)
 ParOldGen       total 256512K, used 119619K [0x0000000700000000, 0x000000070fa80000, 0x00000007bc400000)
  object space 256512K, 46% used [0x0000000700000000,0x00000007074d0c38,0x000000070fa80000)
 Metaspace       used 80557K, capacity 81367K, committed 82048K, reserved 1120256K
  class space    used 11677K, capacity 11854K, committed 11904K, reserved 1048576K
}
Event: 10807.654 GC heap before
{Heap before GC invocations=603 (full 31):
 PSYoungGen      total 55808K, used 52541K [0x00000007bc400000, 0x00000007c0000000, 0x00000007c0000000)
  eden space 50176K, 100% used [0x00000007bc400000,0x00000007bf500000,0x00000007bf500000)
  from space 5632K, 41% used [0x00000007bf500000,0x00000007bf74f4b0,0x00000007bfa80000)
  to   space 5632K, 0% used [0x00000007bfa80000,0x00000007bfa80000,0x00000007c0000000)
 ParOldGen       total 256512K, used 119619K [0x0000000700000000, 0x000000070fa80000, 0x00000007bc400000)
  object space 256512K, 46% used [0x0000000700000000,0x00000007074d0c38,0x000000070fa80000)
 Metaspace       used 80560K, capacity 81367K, committed 82048K, reserved 1120256K
  class space    used 11677K, capacity 11854K, committed 11904K, reserved 1048576K
Event: 10807.666 GC heap after
Heap after GC invocations=603 (full 31):
 PSYoungGen      total 56320K, used 2685K [0x00000007bc400000, 0x00000007c0000000, 0x00000007c0000000)
  eden space 50688K, 0% used [0x00000007bc400000,0x00000007bc400000,0x00000007bf580000)
  from space 5632K, 47% used [0x00000007bfa80000,0x00000007bfd1f4b0,0x00000007c0000000)
  to   space 5120K, 0% used [0x00000007bf580000,0x00000007bf580000,0x00000007bfa80000)
 ParOldGen       total 256512K, used 119619K [0x0000000700000000, 0x000000070fa80000, 0x00000007bc400000)
  object space 256512K, 46% used [0x0000000700000000,0x00000007074d0c38,0x000000070fa80000)
 Metaspace       used 80560K, capacity 81367K, committed 82048K, reserved 1120256K
  class space    used 11677K, capacity 11854K, committed 11904K, reserved 1048576K
}
Event: 10815.650 GC heap before
{Heap before GC invocations=604 (full 31):
 PSYoungGen      total 56320K, used 53373K [0x00000007bc400000, 0x00000007c0000000, 0x00000007c0000000)
  eden space 50688K, 100% used [0x00000007bc400000,0x00000007bf580000,0x00000007bf580000)
  from space 5632K, 47% used [0x00000007bfa80000,0x00000007bfd1f4b0,0x00000007c0000000)
  to   space 5120K, 0% used [0x00000007bf580000,0x00000007bf580000,0x00000007bfa80000)
 ParOldGen       total 256512K, used 119619K [0x0000000700000000, 0x000000070fa80000, 0x00000007bc400000)
  object space 256512K, 46% used [0x0000000700000000,0x00000007074d0c38,0x000000070fa80000)
 Metaspace       used 80563K, capacity 81375K, committed 82048K, reserved 1120256K
  class space    used 11678K, capacity 11856K, committed 11904K, reserved 1048576K
Event: 10815.666 GC heap after
Heap after GC invocations=604 (full 31):
 PSYoungGen      total 55808K, used 2973K [0x00000007bc400000, 0x00000007c0000000, 0x00000007c0000000)
  eden space 50688K, 0% used [0x00000007bc400000,0x00000007bc400000,0x00000007bf580000)
  from space 5120K, 58% used [0x00000007bf580000,0x00000007bf8674b0,0x00000007bfa80000)
  to   space 5120K, 0% used [0x00000007bfb00000,0x00000007bfb00000,0x00000007c0000000)
 ParOldGen       total 256512K, used 119619K [0x0000000700000000, 0x000000070fa80000, 0x00000007bc400000)
  object space 256512K, 46% used [0x0000000700000000,0x00000007074d0c38,0x000000070fa80000)
 Metaspace       used 80563K, capacity 81375K, committed 82048K, reserved 1120256K
  class space    used 11678K, capacity 11856K, committed 11904K, reserved 1048576K
}
Event: 10822.161 GC heap before
{Heap before GC invocations=605 (full 31):
 PSYoungGen      total 55808K, used 53661K [0x00000007bc400000, 0x00000007c0000000, 0x00000007c0000000)
  eden space 50688K, 100% used [0x00000007bc400000,0x00000007bf580000,0x00000007bf580000)
  from space 5120K, 58% used [0x00000007bf580000,0x00000007bf8674b0,0x00000007bfa80000)
  to   space 5120K, 0% used [0x00000007bfb00000,0x00000007bfb00000,0x00000007c0000000)
 ParOldGen       total 256512K, used 119619K [0x0000000700000000, 0x000000070fa80000, 0x00000007bc400000)
  object space 256512K, 46% used [0x0000000700000000,0x00000007074d0c38,0x000000070fa80000)
 Metaspace       used 80563K, capacity 81375K, committed 82048K, reserved 1120256K
  class space    used 11678K, capacity 11856K, committed 11904K, reserved 1048576K
Event: 10822.178 GC heap after
Heap after GC invocations=605 (full 31):
 PSYoungGen      total 56320K, used 3005K [0x00000007bc400000, 0x00000007c0000000, 0x00000007c0000000)
  eden space 51200K, 0% used [0x00000007bc400000,0x00000007bc400000,0x00000007bf600000)
  from space 5120K, 58% used [0x00000007bfb00000,0x00000007bfdef4b0,0x00000007c0000000)
  to   space 5120K, 0% used [0x00000007bf600000,0x00000007bf600000,0x00000007bfb00000)
 ParOldGen       total 256512K, used 119619K [0x0000000700000000, 0x000000070fa80000, 0x00000007bc400000)
  object space 256512K, 46% used [0x0000000700000000,0x00000007074d0c38,0x000000070fa80000)
 Metaspace       used 80563K, capacity 81375K, committed 82048K, reserved 1120256K
  class space    used 11678K, capacity 11856K, committed 11904K, reserved 1048576K
}

